<?xml version="1.0" encoding="UTF-8"?>
<testng-results ignored="0" total="1" passed="1" failed="0" skipped="0">
  <reporter-output>
  </reporter-output>
  <suite started-at="2022-05-05T09:04:31 IST" name="Default suite" finished-at="2022-05-05T09:05:28 IST" duration-ms="56968">
    <groups>
    </groups>
    <test started-at="2022-05-05T09:04:31 IST" name="Default test" finished-at="2022-05-05T09:05:28 IST" duration-ms="56968">
      <class name="com.vandvsolution.inetbanking.TestCases.LoginTc001">
        <test-method is-config="true" signature="init()[pri:0, instance:com.vandvsolution.inetbanking.TestCases.LoginTc001@1d2adfbe]" started-at="2022-05-05T09:04:29 IST" name="init" finished-at="2022-05-05T09:04:31 IST" duration-ms="2052" status="PASS">
          <reporter-output>
          </reporter-output>
        </test-method> <!-- init -->
        <test-method is-config="true" signature="setUp(java.lang.String)[pri:0, instance:com.vandvsolution.inetbanking.TestCases.LoginTc001@1d2adfbe]" started-at="2022-05-05T09:04:31 IST" name="setUp" finished-at="2022-05-05T09:05:24 IST" duration-ms="52521" status="PASS">
          <params>
            <param index="0">
              <value>
                <![CDATA[firefox]]>
              </value>
            </param>
          </params>
          <reporter-output>
          </reporter-output>
        </test-method> <!-- setUp -->
        <test-method signature="verifyLoginFunctionalityTc001()[pri:0, instance:com.vandvsolution.inetbanking.TestCases.LoginTc001@1d2adfbe]" started-at="2022-05-05T09:05:24 IST" name="verifyLoginFunctionalityTc001" finished-at="2022-05-05T09:05:26 IST" duration-ms="2251" status="PASS">
          <reporter-output>
          </reporter-output>
        </test-method> <!-- verifyLoginFunctionalityTc001 -->
        <test-method is-config="true" signature="FlushReport()[pri:0, instance:com.vandvsolution.inetbanking.TestCases.LoginTc001@1d2adfbe]" started-at="2022-05-05T09:05:26 IST" name="FlushReport" finished-at="2022-05-05T09:05:28 IST" duration-ms="2051" status="PASS">
          <reporter-output>
          </reporter-output>
        </test-method> <!-- FlushReport -->
        <test-method is-config="true" signature="tearDown(org.testng.ITestResult)[pri:0, instance:com.vandvsolution.inetbanking.TestCases.LoginTc001@1d2adfbe]" started-at="2022-05-05T09:05:28 IST" name="tearDown" finished-at="1970-01-01T05:30:00 IST" duration-ms="-1651721728911" status="FAIL">
          <exception class="org.testng.TestNGException">
            <message>
              <![CDATA[
Can inject only one of <ITestContext, XmlTest> into a @AfterTest annotated tearDown.
For more information on native dependency injection please refer to https://testng.org/doc/documentation-main.html#native-dependency-injection]]>
            </message>
            <full-stacktrace>
              <![CDATA[org.testng.TestNGException: 
Can inject only one of <ITestContext, XmlTest> into a @AfterTest annotated tearDown.
For more information on native dependency injection please refer to https://testng.org/doc/documentation-main.html#native-dependency-injection
at org.testng.internal.Parameters.checkParameterTypes(Parameters.java:439)
at org.testng.internal.Parameters.createParametersForMethod(Parameters.java:353)
at org.testng.internal.Parameters.createParameters(Parameters.java:708)
at org.testng.internal.Parameters.createConfigurationParameters(Parameters.java:168)
at org.testng.internal.ConfigInvoker.invokeConfigurations(ConfigInvoker.java:302)
at org.testng.TestRunner.invokeTestConfigurations(TestRunner.java:637)
at org.testng.TestRunner.afterRun(TestRunner.java:877)
at org.testng.TestRunner.run(TestRunner.java:599)
at org.testng.SuiteRunner.runTest(SuiteRunner.java:377)
at org.testng.SuiteRunner.runSequentially(SuiteRunner.java:371)
at org.testng.SuiteRunner.privateRun(SuiteRunner.java:332)
at org.testng.SuiteRunner.run(SuiteRunner.java:276)
at org.testng.SuiteRunnerWorker.runSuite(SuiteRunnerWorker.java:53)
at org.testng.SuiteRunnerWorker.run(SuiteRunnerWorker.java:96)
at org.testng.TestNG.runSuitesSequentially(TestNG.java:1212)
at org.testng.TestNG.runSuitesLocally(TestNG.java:1134)
at org.testng.TestNG.runSuites(TestNG.java:1063)
at org.testng.TestNG.run(TestNG.java:1031)
at org.testng.remote.AbstractRemoteTestNG.run(AbstractRemoteTestNG.java:115)
at org.testng.remote.RemoteTestNG.initAndRun(RemoteTestNG.java:251)
at org.testng.remote.RemoteTestNG.main(RemoteTestNG.java:77)
]]>
            </full-stacktrace>
          </exception> <!-- org.testng.TestNGException -->
          <reporter-output>
          </reporter-output>
        </test-method> <!-- tearDown -->
      </class> <!-- com.vandvsolution.inetbanking.TestCases.LoginTc001 -->
    </test> <!-- Default test -->
  </suite> <!-- Default suite -->
</testng-results>
